# Logfile created on 2019-09-18 00:07:04 -0300 by logger.rb/61378
I, [2019-09-18T00:07:11.566054 #19192]  INFO -- : Find text to element com.superdigital:id/text by locator id
I, [2019-09-18T00:07:12.984999 #19192]  INFO -- : Teste finalizado
I, [2019-09-18T00:07:23.660100 #19192]  INFO -- : Find text to element com.superdigital:id/text by locator id
I, [2019-09-18T00:07:25.251835 #19192]  INFO -- : Teste finalizado
I, [2019-09-18T00:07:37.638862 #19192]  INFO -- : Find text to element com.superdigital:id/text by locator id
I, [2019-09-18T00:07:39.311124 #19192]  INFO -- : Teste finalizado
I, [2019-09-18T00:07:52.916258 #19192]  INFO -- : Find text to element com.superdigital:id/text by locator id
I, [2019-09-18T00:07:54.455748 #19192]  INFO -- : Teste finalizado
I, [2019-09-18T00:08:09.930245 #19192]  INFO -- : Find text to element com.superdigital:id/text by locator id
I, [2019-09-18T00:08:11.316233 #19192]  INFO -- : Teste finalizado
I, [2019-09-18T00:08:20.366331 #19192]  INFO -- : Find text to element com.superdigital:id/logIn by locator id
I, [2019-09-18T00:08:23.669180 #19192]  INFO -- : Teste finalizado
I, [2019-09-18T00:08:32.877108 #19192]  INFO -- : Find text to element com.superdigital:id/btnTest by locator id
I, [2019-09-18T00:08:37.856200 #19192]  INFO -- : Teste finalizado
I, [2019-09-18T00:08:47.067979 #19192]  INFO -- : Find text to element com.superdigital:id/btnTest by locator id
I, [2019-09-18T00:08:50.522812 #19192]  INFO -- : Find text to element com.superdigital:id/ivBackArrow by locator id
I, [2019-09-18T00:08:54.838507 #19192]  INFO -- : Teste finalizado
I, [2019-09-18T00:46:01.707018 #22052]  INFO -- : Find text to element com.superdigital:id/btnTest by locator id
I, [2019-09-18T00:46:05.094845 #22052]  INFO -- : Find text to element com.superdigital:id/ivBackArrow by locator id
I, [2019-09-18T00:46:08.360314 #22052]  INFO -- : Find text to element com.superdigital:id/ivBackArrow by locator id
I, [2019-09-18T01:03:45.622421 #20344]  INFO -- : Find text to element com.superdigital:id/btnTest by locator id
I, [2019-09-18T01:03:48.918125 #20344]  INFO -- : Find text to element com.superdigital:id/ivBackArrow by locator id
I, [2019-09-18T01:03:52.072099 #20344]  INFO -- : Find text to element com.superdigital:id/ivBackArrow by locator id
I, [2019-09-18T01:04:54.393099 #20344]  INFO -- : Teste finalizado
I, [2019-09-18T01:05:03.494298 #20344]  INFO -- : Find text to element com.superdigital:id/text by locator id
I, [2019-09-18T01:05:04.747296 #20344]  INFO -- : Teste finalizado
I, [2019-09-18T01:05:15.083263 #20344]  INFO -- : Find text to element com.superdigital:id/text by locator id
I, [2019-09-18T01:05:16.516762 #20344]  INFO -- : Teste finalizado
I, [2019-09-18T01:05:28.209431 #20344]  INFO -- : Find text to element com.superdigital:id/text by locator id
I, [2019-09-18T01:05:29.348519 #20344]  INFO -- : Teste finalizado
I, [2019-09-18T01:05:42.770251 #20344]  INFO -- : Find text to element com.superdigital:id/text by locator id
I, [2019-09-18T01:05:44.204461 #20344]  INFO -- : Teste finalizado
I, [2019-09-18T01:05:58.307816 #20344]  INFO -- : Find text to element com.superdigital:id/text by locator id
I, [2019-09-18T01:05:59.473314 #20344]  INFO -- : Teste finalizado
I, [2019-09-18T01:06:08.143053 #20344]  INFO -- : Find text to element com.superdigital:id/logIn by locator id
I, [2019-09-18T01:06:10.916131 #20344]  INFO -- : Teste finalizado
I, [2019-09-18T01:06:19.471603 #20344]  INFO -- : Find text to element com.superdigital:id/btnTest by locator id
I, [2019-09-18T01:06:24.323998 #20344]  INFO -- : Teste finalizado
I, [2019-09-18T01:06:33.002397 #20344]  INFO -- : Find text to element com.superdigital:id/btnTest by locator id
I, [2019-09-18T01:06:36.362583 #20344]  INFO -- : Find text to element com.superdigital:id/ivBackArrow by locator id
I, [2019-09-18T01:06:40.905093 #20344]  INFO -- : Teste finalizado
I, [2019-09-18T06:04:44.123171 #15796]  INFO -- : Find text to element com.superdigital:id/btnTest by locator id
I, [2019-09-18T06:05:38.548732 #15796]  INFO -- : Find text to element com.superdigital:id/ivBackArrow by locator id
I, [2019-09-18T06:05:56.592130 #15796]  INFO -- : Find text to element com.superdigital:id/ivBackArrow by locator id
I, [2019-09-18T06:06:19.313027 #20708]  INFO -- : Find text to element com.superdigital:id/btnTest by locator id
I, [2019-09-18T06:06:45.632962 #20708]  INFO -- : Find text to element com.superdigital:id/btnGo by locator id
I, [2019-09-18T06:06:52.729136 #20708]  INFO -- : Find text to element com.superdigital:id/btnGo by locator id
I, [2019-09-18T06:07:33.141496 #20708]  INFO -- : Find text to element com.superdigital:id/tvShowDetails by locator id
I, [2019-09-18T06:07:38.382601 #20708]  INFO -- : Teste finalizado
I, [2019-09-18T06:07:58.586191 #20708]  INFO -- : Find text to element com.superdigital:id/text by locator id
I, [2019-09-18T06:07:59.759812 #20708]  INFO -- : Teste finalizado
I, [2019-09-18T06:08:10.197175 #20708]  INFO -- : Find text to element com.superdigital:id/text by locator id
I, [2019-09-18T06:08:11.717766 #20708]  INFO -- : Teste finalizado
I, [2019-09-18T06:08:24.194497 #20708]  INFO -- : Find text to element com.superdigital:id/text by locator id
I, [2019-09-18T06:08:25.520122 #20708]  INFO -- : Teste finalizado
I, [2019-09-18T06:08:38.911948 #20708]  INFO -- : Find text to element com.superdigital:id/text by locator id
I, [2019-09-18T06:08:40.126090 #20708]  INFO -- : Teste finalizado
I, [2019-09-18T06:08:54.850023 #20708]  INFO -- : Find text to element com.superdigital:id/text by locator id
I, [2019-09-18T06:08:56.219026 #20708]  INFO -- : Teste finalizado
I, [2019-09-18T06:09:04.977454 #20708]  INFO -- : Find text to element com.superdigital:id/logIn by locator id
I, [2019-09-18T06:09:08.095600 #20708]  INFO -- : Teste finalizado
I, [2019-09-18T06:09:16.915880 #20708]  INFO -- : Find text to element com.superdigital:id/btnTest by locator id
I, [2019-09-18T06:09:21.489254 #20708]  INFO -- : Teste finalizado
I, [2019-09-18T06:09:30.762265 #20708]  INFO -- : Find text to element com.superdigital:id/btnTest by locator id
I, [2019-09-18T06:09:34.094731 #20708]  INFO -- : Find text to element com.superdigital:id/ivBackArrow by locator id
I, [2019-09-18T06:09:38.472847 #20708]  INFO -- : Teste finalizado
I, [2019-09-18T06:23:14.799432 #7816]  INFO -- : Find text to element com.superdigital:id/btnTest by locator id
I, [2019-09-18T06:23:18.342212 #7816]  INFO -- : Find text to element com.superdigital:id/btnGo by locator id
I, [2019-09-18T06:23:18.696078 #7816]  INFO -- : Find text to element com.superdigital:id/btnGo by locator id
I, [2019-09-18T06:23:31.347713 #7816]  INFO -- : Teste finalizado
I, [2019-09-18T06:23:40.134407 #7816]  INFO -- : Teste finalizado
I, [2019-09-18T06:23:43.162182 #7816]  INFO -- : Teste finalizado
I, [2019-09-18T06:23:46.193573 #7816]  INFO -- : Teste finalizado
I, [2019-09-18T06:23:49.227505 #7816]  INFO -- : Teste finalizado
I, [2019-09-18T06:23:52.266464 #7816]  INFO -- : Teste finalizado
I, [2019-09-18T06:23:55.294370 #7816]  INFO -- : Teste finalizado
I, [2019-09-18T06:23:58.310472 #7816]  INFO -- : Teste finalizado
I, [2019-09-18T06:24:01.335013 #7816]  INFO -- : Teste finalizado
I, [2019-09-18T06:30:43.032335 #16924]  INFO -- : Find text to element com.superdigital:id/btnTest by locator id
I, [2019-09-18T06:30:46.571565 #16924]  INFO -- : Find text to element com.superdigital:id/btnGo by locator id
I, [2019-09-18T06:30:46.992267 #16924]  INFO -- : Find text to element com.superdigital:id/btnGo by locator id
I, [2019-09-18T06:30:51.042462 #16924]  INFO -- : Find text to element com.superdigital:id/tvShowDetails by locator id
I, [2019-09-18T06:30:54.978534 #16924]  INFO -- : Teste finalizado
I, [2019-09-18T06:31:07.280549 #16924]  INFO -- : Find text to element com.superdigital:id/text by locator id
I, [2019-09-18T06:31:09.318769 #16924]  INFO -- : Teste finalizado
I, [2019-09-18T06:31:19.287620 #16924]  INFO -- : Find text to element com.superdigital:id/text by locator id
I, [2019-09-18T06:31:20.780346 #16924]  INFO -- : Teste finalizado
I, [2019-09-18T06:31:33.080825 #16924]  INFO -- : Find text to element com.superdigital:id/text by locator id
I, [2019-09-18T06:31:34.721588 #16924]  INFO -- : Teste finalizado
I, [2019-09-18T06:31:48.944761 #16924]  INFO -- : Find text to element com.superdigital:id/text by locator id
I, [2019-09-18T06:31:50.410408 #16924]  INFO -- : Teste finalizado
I, [2019-09-18T06:32:05.786373 #16924]  INFO -- : Find text to element com.superdigital:id/text by locator id
I, [2019-09-18T06:32:07.311261 #16924]  INFO -- : Teste finalizado
I, [2019-09-18T06:32:16.813060 #16924]  INFO -- : Find text to element com.superdigital:id/logIn by locator id
I, [2019-09-18T06:32:20.153057 #16924]  INFO -- : Teste finalizado
I, [2019-09-18T06:32:29.981532 #16924]  INFO -- : Find text to element com.superdigital:id/btnTest by locator id
I, [2019-09-18T06:32:35.260946 #16924]  INFO -- : Teste finalizado
I, [2019-09-18T06:32:49.754314 #16924]  INFO -- : Find text to element com.superdigital:id/btnTest by locator id
I, [2019-09-18T06:32:53.158969 #16924]  INFO -- : Find text to element com.superdigital:id/ivBackArrow by locator id
I, [2019-09-18T06:32:57.726011 #16924]  INFO -- : Teste finalizado
I, [2019-09-18T06:33:57.615060 #712]  INFO -- : Find text to element com.superdigital:id/btnTest by locator id
I, [2019-09-18T06:34:01.380063 #712]  INFO -- : Find text to element com.superdigital:id/btnGo by locator id
I, [2019-09-18T06:34:01.746202 #712]  INFO -- : Find text to element com.superdigital:id/btnGo by locator id
I, [2019-09-18T06:34:03.898567 #712]  INFO -- : Find text to element com.superdigital:id/tvShowDetails by locator id
I, [2019-09-18T06:35:22.954916 #712]  INFO -- : Find text to element com.superdigital:id/ivClose2 by locator id
I, [2019-09-18T06:35:31.856847 #712]  INFO -- : Teste finalizado
